2025-04-09 23:12:51,210 - INFO - \u1ee8ng d\u1ee5ng kh\u1edfi \u0111\u1ed9ng
2025-04-09 23:12:51,214 - WARNING - File industry_codes.json không t\u1ed3n t\u1ea1i: AppData\industry_codes.json
2025-04-09 23:12:51,214 - WARNING - File employees.json không t\u1ed3n t\u1ea1i: AppData\employees.json
2025-04-09 23:12:51,611 - INFO - \u0110ã t\u1ea3i c\u1ea5u hình: Thành l\u1eadp doanh nghi\u1ec7p
2025-04-09 23:30:03,043 - INFO - \u1ee8ng d\u1ee5ng kh\u1edfi \u0111\u1ed9ng
2025-04-09 23:30:03,047 - WARNING - File industry_codes.json không t\u1ed3n t\u1ea1i: AppData\industry_codes.json
2025-04-09 23:30:03,047 - WARNING - File employees.json không t\u1ed3n t\u1ea1i: AppData\employees.json
2025-04-09 23:30:03,508 - INFO - \u0110ã t\u1ea3i c\u1ea5u hình: Thành l\u1eadp doanh nghi\u1ec7p
2025-04-09 23:31:01,046 - INFO - \u1ee8ng d\u1ee5ng kh\u1edfi \u0111\u1ed9ng
2025-04-09 23:31:01,049 - WARNING - File industry_codes.json không t\u1ed3n t\u1ea1i: AppData\industry_codes.json
2025-04-09 23:31:01,049 - WARNING - File employees.json không t\u1ed3n t\u1ea1i: AppData\employees.json
2025-04-09 23:31:01,494 - INFO - \u0110ã t\u1ea3i c\u1ea5u hình: Thành l\u1eadp doanh nghi\u1ec7p
2025-04-10 11:44:39,735 - INFO - \u1ee8ng d\u1ee5ng kh\u1edfi \u0111\u1ed9ng
2025-04-10 11:44:39,754 - WARNING - File industry_codes.json không t\u1ed3n t\u1ea1i: AppData\industry_codes.json
2025-04-10 11:44:39,754 - WARNING - File employees.json không t\u1ed3n t\u1ea1i: AppData\employees.json
2025-04-10 11:44:40,364 - INFO - \u0110ã t\u1ea3i c\u1ea5u hình: Thành l\u1eadp doanh nghi\u1ec7p
2025-04-10 11:47:21,416 - INFO - \u1ee8ng d\u1ee5ng kh\u1edfi \u0111\u1ed9ng
2025-04-10 11:47:21,419 - WARNING - File industry_codes.json không t\u1ed3n t\u1ea1i: AppData\industry_codes.json
2025-04-10 11:47:21,419 - WARNING - File employees.json không t\u1ed3n t\u1ea1i: AppData\employees.json
2025-04-10 11:47:21,814 - INFO - \u0110ã t\u1ea3i c\u1ea5u hình: Thành l\u1eadp doanh nghi\u1ec7p
2025-04-10 11:48:38,566 - INFO - \u1ee8ng d\u1ee5ng kh\u1edfi \u0111\u1ed9ng
2025-04-10 11:48:38,568 - WARNING - File industry_codes.json không t\u1ed3n t\u1ea1i: AppData\industry_codes.json
2025-04-10 11:48:38,569 - WARNING - File employees.json không t\u1ed3n t\u1ea1i: AppData\employees.json
2025-04-10 11:48:38,905 - INFO - \u0110ã t\u1ea3i c\u1ea5u hình: Thành l\u1eadp doanh nghi\u1ec7p
2025-04-10 11:48:52,958 - INFO - \u0110ã t\u1ea3i c\u1ea5u hình: Thay \u0111\u1ed5i \u0110KKD
2025-04-10 11:49:19,474 - INFO - \u1ee8ng d\u1ee5ng kh\u1edfi \u0111\u1ed9ng
2025-04-10 11:49:19,477 - WARNING - File industry_codes.json không t\u1ed3n t\u1ea1i: AppData\industry_codes.json
2025-04-10 11:49:19,477 - WARNING - File employees.json không t\u1ed3n t\u1ea1i: AppData\employees.json
2025-04-10 11:49:19,857 - INFO - \u0110ã t\u1ea3i c\u1ea5u hình: Thành l\u1eadp doanh nghi\u1ec7p
2025-04-10 11:49:22,884 - INFO - \u0110ã t\u1ea3i c\u1ea5u hình: Thay \u0111\u1ed5i \u0110KKD
2025-04-10 11:51:38,260 - INFO - \u1ee8ng d\u1ee5ng kh\u1edfi \u0111\u1ed9ng
2025-04-10 11:51:38,262 - WARNING - File industry_codes.json không t\u1ed3n t\u1ea1i: AppData\industry_codes.json
2025-04-10 11:51:38,262 - WARNING - File employees.json không t\u1ed3n t\u1ea1i: AppData\employees.json
2025-04-10 11:51:38,633 - INFO - \u0110ã t\u1ea3i c\u1ea5u hình: Thành l\u1eadp doanh nghi\u1ec7p
2025-04-10 11:53:00,945 - INFO - \u1ee8ng d\u1ee5ng kh\u1edfi \u0111\u1ed9ng
2025-04-10 11:53:00,948 - WARNING - File industry_codes.json không t\u1ed3n t\u1ea1i: AppData\industry_codes.json
2025-04-10 11:53:00,948 - WARNING - File employees.json không t\u1ed3n t\u1ea1i: AppData\employees.json
2025-04-10 11:53:01,309 - INFO - \u0110ã t\u1ea3i c\u1ea5u hình: Thành l\u1eadp doanh nghi\u1ec7p
2025-04-10 11:53:57,952 - INFO - \u1ee8ng d\u1ee5ng kh\u1edfi \u0111\u1ed9ng
2025-04-10 11:53:57,956 - WARNING - File industry_codes.json không t\u1ed3n t\u1ea1i: AppData\industry_codes.json
2025-04-10 11:53:57,956 - WARNING - File employees.json không t\u1ed3n t\u1ea1i: AppData\employees.json
2025-04-10 11:53:58,302 - INFO - \u0110ã t\u1ea3i c\u1ea5u hình: Thành l\u1eadp doanh nghi\u1ec7p
2025-04-10 11:54:11,688 - INFO - \u0110ã t\u1ea3i c\u1ea5u hình: Thay \u0111\u1ed5i \u0110KKD
2025-04-10 11:57:21,181 - INFO - \u1ee8ng d\u1ee5ng kh\u1edfi \u0111\u1ed9ng
2025-04-10 11:57:21,184 - WARNING - File industry_codes.json không t\u1ed3n t\u1ea1i: AppData\industry_codes.json
2025-04-10 11:57:21,185 - WARNING - File employees.json không t\u1ed3n t\u1ea1i: AppData\employees.json
2025-04-10 11:57:21,619 - INFO - \u0110ã t\u1ea3i c\u1ea5u hình: Thành l\u1eadp doanh nghi\u1ec7p
2025-04-10 11:58:26,803 - INFO - \u0110ã t\u1ea3i c\u1ea5u hình: Thay \u0111\u1ed5i \u0110KKD
2025-04-10 11:59:40,564 - INFO - \u1ee8ng d\u1ee5ng kh\u1edfi \u0111\u1ed9ng
2025-04-10 11:59:40,567 - WARNING - File industry_codes.json không t\u1ed3n t\u1ea1i: AppData\industry_codes.json
2025-04-10 11:59:40,567 - WARNING - File employees.json không t\u1ed3n t\u1ea1i: AppData\employees.json
2025-04-10 11:59:40,925 - INFO - \u0110ã t\u1ea3i c\u1ea5u hình: Thành l\u1eadp doanh nghi\u1ec7p
2025-04-10 12:01:02,466 - INFO - \u1ee8ng d\u1ee5ng kh\u1edfi \u0111\u1ed9ng
2025-04-10 12:01:02,470 - WARNING - File industry_codes.json không t\u1ed3n t\u1ea1i: AppData\industry_codes.json
2025-04-10 12:01:02,470 - WARNING - File employees.json không t\u1ed3n t\u1ea1i: AppData\employees.json
2025-04-10 12:01:02,831 - INFO - \u0110ã t\u1ea3i c\u1ea5u hình: Thành l\u1eadp doanh nghi\u1ec7p
2025-04-10 12:01:40,697 - INFO - \u1ee8ng d\u1ee5ng kh\u1edfi \u0111\u1ed9ng
2025-04-10 12:01:40,700 - WARNING - File industry_codes.json không t\u1ed3n t\u1ea1i: AppData\industry_codes.json
2025-04-10 12:01:40,701 - WARNING - File employees.json không t\u1ed3n t\u1ea1i: AppData\employees.json
2025-04-10 12:01:41,071 - INFO - \u0110ã t\u1ea3i c\u1ea5u hình: Thành l\u1eadp doanh nghi\u1ec7p
2025-04-10 12:02:40,150 - INFO - \u1ee8ng d\u1ee5ng kh\u1edfi \u0111\u1ed9ng
2025-04-10 12:02:40,154 - WARNING - File industry_codes.json không t\u1ed3n t\u1ea1i: AppData\industry_codes.json
2025-04-10 12:02:40,154 - WARNING - File employees.json không t\u1ed3n t\u1ea1i: AppData\employees.json
2025-04-10 12:02:40,606 - INFO - \u0110ã t\u1ea3i c\u1ea5u hình: Thành l\u1eadp doanh nghi\u1ec7p
2025-04-10 12:03:14,652 - INFO - \u1ee8ng d\u1ee5ng kh\u1edfi \u0111\u1ed9ng
2025-04-10 12:03:14,655 - WARNING - File industry_codes.json không t\u1ed3n t\u1ea1i: AppData\industry_codes.json
2025-04-10 12:03:14,656 - WARNING - File employees.json không t\u1ed3n t\u1ea1i: AppData\employees.json
2025-04-10 12:03:14,961 - INFO - \u0110ã t\u1ea3i c\u1ea5u hình: Thành l\u1eadp doanh nghi\u1ec7p
2025-04-10 12:13:14,981 - INFO - \u0110ã t\u1ea1o b\u1ea3n sao l\u01b0u t\u1ef1 \u0111\u1ed9ng: backup\backup_20250410_121314.db
2025-04-10 12:13:14,986 - INFO - \u0110ã xóa b\u1ea3n sao l\u01b0u c\u0169: backup\backup_20250409_211441.db
2025-04-10 12:23:15,000 - INFO - \u0110ã t\u1ea1o b\u1ea3n sao l\u01b0u t\u1ef1 \u0111\u1ed9ng: backup\backup_20250410_122314.db
2025-04-10 12:23:15,002 - INFO - \u0110ã xóa b\u1ea3n sao l\u01b0u c\u0169: backup\backup_20250409_212441.db
2025-04-10 12:33:15,021 - INFO - \u0110ã t\u1ea1o b\u1ea3n sao l\u01b0u t\u1ef1 \u0111\u1ed9ng: backup\backup_20250410_123315.db
2025-04-10 12:33:15,023 - INFO - \u0110ã xóa b\u1ea3n sao l\u01b0u c\u0169: backup\backup_20250409_213441.db
2025-04-10 12:43:15,039 - INFO - \u0110ã t\u1ea1o b\u1ea3n sao l\u01b0u t\u1ef1 \u0111\u1ed9ng: backup\backup_20250410_124315.db
2025-04-10 12:43:15,041 - INFO - \u0110ã xóa b\u1ea3n sao l\u01b0u c\u0169: backup\backup_20250409_214441.db
2025-04-10 12:53:15,059 - INFO - \u0110ã t\u1ea1o b\u1ea3n sao l\u01b0u t\u1ef1 \u0111\u1ed9ng: backup\backup_20250410_125315.db
2025-04-10 12:53:15,061 - INFO - \u0110ã xóa b\u1ea3n sao l\u01b0u c\u0169: backup\backup_20250409_215442.db
2025-04-10 13:03:15,086 - INFO - \u0110ã t\u1ea1o b\u1ea3n sao l\u01b0u t\u1ef1 \u0111\u1ed9ng: backup\backup_20250410_130315.db
2025-04-10 13:03:15,088 - INFO - \u0110ã xóa b\u1ea3n sao l\u01b0u c\u0169: backup\backup_20250409_220442.db
2025-04-10 13:13:15,107 - INFO - \u0110ã t\u1ea1o b\u1ea3n sao l\u01b0u t\u1ef1 \u0111\u1ed9ng: backup\backup_20250410_131315.db
2025-04-10 13:13:15,109 - INFO - \u0110ã xóa b\u1ea3n sao l\u01b0u c\u0169: backup\backup_20250409_221442.db
2025-04-10 13:23:15,122 - INFO - \u0110ã t\u1ea1o b\u1ea3n sao l\u01b0u t\u1ef1 \u0111\u1ed9ng: backup\backup_20250410_132315.db
2025-04-10 13:23:15,124 - INFO - \u0110ã xóa b\u1ea3n sao l\u01b0u c\u0169: backup\backup_20250409_222442.db
2025-04-10 13:33:15,149 - INFO - \u0110ã t\u1ea1o b\u1ea3n sao l\u01b0u t\u1ef1 \u0111\u1ed9ng: backup\backup_20250410_133315.db
2025-04-10 13:33:15,151 - INFO - \u0110ã xóa b\u1ea3n sao l\u01b0u c\u0169: backup\backup_20250409_223442.db
2025-04-10 13:43:15,168 - INFO - \u0110ã t\u1ea1o b\u1ea3n sao l\u01b0u t\u1ef1 \u0111\u1ed9ng: backup\backup_20250410_134315.db
2025-04-10 13:43:15,170 - INFO - \u0110ã xóa b\u1ea3n sao l\u01b0u c\u0169: backup\backup_20250409_225916.db
2025-04-10 13:53:15,196 - INFO - \u0110ã t\u1ea1o b\u1ea3n sao l\u01b0u t\u1ef1 \u0111\u1ed9ng: backup\backup_20250410_135315.db
2025-04-10 13:53:15,198 - INFO - \u0110ã xóa b\u1ea3n sao l\u01b0u c\u0169: backup\backup_20250410_121314.db
2025-04-10 14:03:15,223 - INFO - \u0110ã t\u1ea1o b\u1ea3n sao l\u01b0u t\u1ef1 \u0111\u1ed9ng: backup\backup_20250410_140315.db
2025-04-10 14:03:15,225 - INFO - \u0110ã xóa b\u1ea3n sao l\u01b0u c\u0169: backup\backup_20250410_122314.db
2025-04-10 14:13:15,247 - INFO - \u0110ã t\u1ea1o b\u1ea3n sao l\u01b0u t\u1ef1 \u0111\u1ed9ng: backup\backup_20250410_141315.db
2025-04-10 14:13:15,249 - INFO - \u0110ã xóa b\u1ea3n sao l\u01b0u c\u0169: backup\backup_20250410_123315.db
2025-04-10 14:23:15,270 - INFO - \u0110ã t\u1ea1o b\u1ea3n sao l\u01b0u t\u1ef1 \u0111\u1ed9ng: backup\backup_20250410_142315.db
2025-04-10 14:23:15,272 - INFO - \u0110ã xóa b\u1ea3n sao l\u01b0u c\u0169: backup\backup_20250410_124315.db
2025-04-10 14:33:15,292 - INFO - \u0110ã t\u1ea1o b\u1ea3n sao l\u01b0u t\u1ef1 \u0111\u1ed9ng: backup\backup_20250410_143315.db
2025-04-10 14:33:15,294 - INFO - \u0110ã xóa b\u1ea3n sao l\u01b0u c\u0169: backup\backup_20250410_125315.db
2025-04-10 14:43:15,318 - INFO - \u0110ã t\u1ea1o b\u1ea3n sao l\u01b0u t\u1ef1 \u0111\u1ed9ng: backup\backup_20250410_144315.db
2025-04-10 14:43:15,321 - INFO - \u0110ã xóa b\u1ea3n sao l\u01b0u c\u0169: backup\backup_20250410_130315.db
2025-04-10 14:53:15,339 - INFO - \u0110ã t\u1ea1o b\u1ea3n sao l\u01b0u t\u1ef1 \u0111\u1ed9ng: backup\backup_20250410_145315.db
2025-04-10 14:53:15,341 - INFO - \u0110ã xóa b\u1ea3n sao l\u01b0u c\u0169: backup\backup_20250410_131315.db
2025-04-10 15:03:15,361 - INFO - \u0110ã t\u1ea1o b\u1ea3n sao l\u01b0u t\u1ef1 \u0111\u1ed9ng: backup\backup_20250410_150315.db
2025-04-10 15:03:15,363 - INFO - \u0110ã xóa b\u1ea3n sao l\u01b0u c\u0169: backup\backup_20250410_132315.db
2025-04-10 15:13:15,387 - INFO - \u0110ã t\u1ea1o b\u1ea3n sao l\u01b0u t\u1ef1 \u0111\u1ed9ng: backup\backup_20250410_151315.db
2025-04-10 15:13:15,389 - INFO - \u0110ã xóa b\u1ea3n sao l\u01b0u c\u0169: backup\backup_20250410_133315.db
2025-04-10 15:23:15,404 - INFO - \u0110ã t\u1ea1o b\u1ea3n sao l\u01b0u t\u1ef1 \u0111\u1ed9ng: backup\backup_20250410_152315.db
2025-04-10 15:23:15,406 - INFO - \u0110ã xóa b\u1ea3n sao l\u01b0u c\u0169: backup\backup_20250410_134315.db
2025-04-10 15:33:15,426 - INFO - \u0110ã t\u1ea1o b\u1ea3n sao l\u01b0u t\u1ef1 \u0111\u1ed9ng: backup\backup_20250410_153315.db
2025-04-10 15:33:15,428 - INFO - \u0110ã xóa b\u1ea3n sao l\u01b0u c\u0169: backup\backup_20250410_135315.db
2025-04-10 15:43:15,453 - INFO - \u0110ã t\u1ea1o b\u1ea3n sao l\u01b0u t\u1ef1 \u0111\u1ed9ng: backup\backup_20250410_154315.db
2025-04-10 15:43:15,455 - INFO - \u0110ã xóa b\u1ea3n sao l\u01b0u c\u0169: backup\backup_20250410_140315.db
2025-04-10 15:53:15,480 - INFO - \u0110ã t\u1ea1o b\u1ea3n sao l\u01b0u t\u1ef1 \u0111\u1ed9ng: backup\backup_20250410_155315.db
2025-04-10 15:53:15,483 - INFO - \u0110ã xóa b\u1ea3n sao l\u01b0u c\u0169: backup\backup_20250410_141315.db
2025-04-10 16:03:15,496 - INFO - \u0110ã t\u1ea1o b\u1ea3n sao l\u01b0u t\u1ef1 \u0111\u1ed9ng: backup\backup_20250410_160315.db
2025-04-10 16:03:15,499 - INFO - \u0110ã xóa b\u1ea3n sao l\u01b0u c\u0169: backup\backup_20250410_142315.db
2025-04-10 16:13:15,516 - INFO - \u0110ã t\u1ea1o b\u1ea3n sao l\u01b0u t\u1ef1 \u0111\u1ed9ng: backup\backup_20250410_161315.db
2025-04-10 16:13:15,518 - INFO - \u0110ã xóa b\u1ea3n sao l\u01b0u c\u0169: backup\backup_20250410_143315.db
2025-04-10 16:23:15,534 - INFO - \u0110ã t\u1ea1o b\u1ea3n sao l\u01b0u t\u1ef1 \u0111\u1ed9ng: backup\backup_20250410_162315.db
2025-04-10 16:23:15,536 - INFO - \u0110ã xóa b\u1ea3n sao l\u01b0u c\u0169: backup\backup_20250410_144315.db
2025-04-10 16:33:15,556 - INFO - \u0110ã t\u1ea1o b\u1ea3n sao l\u01b0u t\u1ef1 \u0111\u1ed9ng: backup\backup_20250410_163315.db
2025-04-10 16:33:15,559 - INFO - \u0110ã xóa b\u1ea3n sao l\u01b0u c\u0169: backup\backup_20250410_145315.db
2025-04-10 16:43:15,576 - INFO - \u0110ã t\u1ea1o b\u1ea3n sao l\u01b0u t\u1ef1 \u0111\u1ed9ng: backup\backup_20250410_164315.db
2025-04-10 16:43:15,578 - INFO - \u0110ã xóa b\u1ea3n sao l\u01b0u c\u0169: backup\backup_20250410_150315.db
2025-04-10 16:53:15,599 - INFO - \u0110ã t\u1ea1o b\u1ea3n sao l\u01b0u t\u1ef1 \u0111\u1ed9ng: backup\backup_20250410_165315.db
2025-04-10 16:53:15,601 - INFO - \u0110ã xóa b\u1ea3n sao l\u01b0u c\u0169: backup\backup_20250410_151315.db
2025-04-10 17:03:15,633 - INFO - \u0110ã t\u1ea1o b\u1ea3n sao l\u01b0u t\u1ef1 \u0111\u1ed9ng: backup\backup_20250410_170315.db
2025-04-10 17:03:15,636 - INFO - \u0110ã xóa b\u1ea3n sao l\u01b0u c\u0169: backup\backup_20250410_152315.db
2025-04-10 17:13:15,656 - INFO - \u0110ã t\u1ea1o b\u1ea3n sao l\u01b0u t\u1ef1 \u0111\u1ed9ng: backup\backup_20250410_171315.db
2025-04-10 17:13:15,658 - INFO - \u0110ã xóa b\u1ea3n sao l\u01b0u c\u0169: backup\backup_20250410_153315.db
2025-04-10 17:23:15,675 - INFO - \u0110ã t\u1ea1o b\u1ea3n sao l\u01b0u t\u1ef1 \u0111\u1ed9ng: backup\backup_20250410_172315.db
2025-04-10 17:23:15,677 - INFO - \u0110ã xóa b\u1ea3n sao l\u01b0u c\u0169: backup\backup_20250410_154315.db
2025-04-10 17:33:15,694 - INFO - \u0110ã t\u1ea1o b\u1ea3n sao l\u01b0u t\u1ef1 \u0111\u1ed9ng: backup\backup_20250410_173315.db
2025-04-10 17:33:15,696 - INFO - \u0110ã xóa b\u1ea3n sao l\u01b0u c\u0169: backup\backup_20250410_155315.db
2025-04-10 19:50:09,846 - INFO - \u1ee8ng d\u1ee5ng kh\u1edfi \u0111\u1ed9ng
2025-04-10 19:50:09,849 - WARNING - File industry_codes.json không t\u1ed3n t\u1ea1i: AppData\industry_codes.json
2025-04-10 19:50:09,849 - WARNING - File employees.json không t\u1ed3n t\u1ea1i: AppData\employees.json
2025-04-10 19:50:10,197 - INFO - \u0110ã t\u1ea3i c\u1ea5u hình: Thành l\u1eadp doanh nghi\u1ec7p
2025-04-10 19:50:37,878 - INFO - \u0110ã t\u1ea3i c\u1ea5u hình: Thay \u0111\u1ed5i \u0110KKD
2025-04-10 19:50:42,441 - INFO - \u0110ã t\u1ea3i c\u1ea5u hình: Thành l\u1eadp doanh nghi\u1ec7p
2025-04-10 21:50:14,217 - INFO - \u1ee8ng d\u1ee5ng kh\u1edfi \u0111\u1ed9ng
2025-04-10 21:50:14,220 - WARNING - File industry_codes.json không t\u1ed3n t\u1ea1i: AppData\industry_codes.json
2025-04-10 21:50:14,221 - WARNING - File employees.json không t\u1ed3n t\u1ea1i: AppData\employees.json
2025-04-10 21:50:14,667 - INFO - \u0110ã t\u1ea3i c\u1ea5u hình: Thay \u0111\u1ed5i \u0110KKD
2025-04-10 21:50:21,183 - INFO - \u0110ã t\u1ea3i c\u1ea5u hình: Thành l\u1eadp doanh nghi\u1ec7p
2025-04-10 21:50:23,251 - INFO - \u0110ã t\u1ea3i c\u1ea5u hình: Thay \u0111\u1ed5i \u0110KKD
2025-04-10 21:50:37,499 - INFO - \u0110ã t\u1ea3i c\u1ea5u hình: Thay \u0111\u1ed5i \u0110KKD
2025-04-10 21:50:57,026 - INFO - \u0110ã l\u01b0u c\u1ea5u hình
2025-04-10 21:50:58,566 - INFO - Thêm tab 'tab m\u1edbi'
2025-04-10 21:53:52,915 - INFO - \u1ee8ng d\u1ee5ng kh\u1edfi \u0111\u1ed9ng
2025-04-10 21:53:52,919 - WARNING - File industry_codes.json không t\u1ed3n t\u1ea1i: AppData\industry_codes.json
2025-04-10 21:53:52,921 - WARNING - File employees.json không t\u1ed3n t\u1ea1i: AppData\employees.json
2025-04-10 21:53:53,479 - INFO - \u0110ã t\u1ea3i c\u1ea5u hình: Thay \u0111\u1ed5i \u0110KKD
2025-04-10 21:54:15,778 - INFO - \u1ee8ng d\u1ee5ng kh\u1edfi \u0111\u1ed9ng
2025-04-10 21:54:15,781 - WARNING - File industry_codes.json không t\u1ed3n t\u1ea1i: AppData\industry_codes.json
2025-04-10 21:54:15,781 - WARNING - File employees.json không t\u1ed3n t\u1ea1i: AppData\employees.json
2025-04-10 21:54:16,223 - INFO - \u0110ã t\u1ea3i c\u1ea5u hình: Thay \u0111\u1ed5i \u0110KKD
2025-04-10 21:58:28,436 - INFO - \u1ee8ng d\u1ee5ng kh\u1edfi \u0111\u1ed9ng
2025-04-10 21:58:28,439 - WARNING - File industry_codes.json không t\u1ed3n t\u1ea1i: AppData\industry_codes.json
2025-04-10 21:58:28,440 - WARNING - File employees.json không t\u1ed3n t\u1ea1i: AppData\employees.json
2025-04-10 21:58:28,951 - INFO - \u0110ã t\u1ea3i c\u1ea5u hình: Thay \u0111\u1ed5i \u0110KKD
2025-04-10 21:59:10,904 - INFO - \u0110ã l\u01b0u c\u1ea5u hình
2025-04-10 21:59:12,685 - INFO - \u0110\u1ed5i tên tab t\u1eeb 'tab m\u1edbi' thành 'tab m\u1edbi 1'
2025-04-10 21:59:18,518 - INFO - \u0110ã l\u01b0u c\u1ea5u hình
2025-04-10 21:59:19,921 - INFO - Xóa tab 'tab m\u1edbi 1'
2025-04-10 21:59:42,418 - INFO - \u0110ã l\u01b0u c\u1ea5u hình
2025-04-10 21:59:43,929 - INFO - Thêm tab 'tab'
2025-04-10 21:59:52,661 - INFO - \u0110ã l\u01b0u c\u1ea5u hình
2025-04-10 21:59:54,075 - INFO - Xóa tab 'tab'
2025-04-10 22:01:43,161 - INFO - \u0110ã l\u01b0u c\u1ea5u hình
2025-04-10 22:01:43,312 - INFO - \u0110ã t\u1ea3i c\u1ea5u hình: Thay \u0111\u1ed5i \u0110KKD
2025-04-10 22:01:43,312 - INFO - Xóa tr\u01b0\u1eddng 'v\u1ed1n_\u0111i\u1ec1u_l\u1ec7_m\u1edbi' kh\u1ecfi tab 'Thông tin công ty m\u1edbi'
2025-04-10 22:08:18,821 - INFO - \u0110ã t\u1ea3i c\u1ea5u hình: Thay \u0111\u1ed5i \u0110KKD
2025-04-10 22:08:28,975 - INFO - \u0110ã t\u1ea1o b\u1ea3n sao l\u01b0u t\u1ef1 \u0111\u1ed9ng: backup\backup_20250410_220828.db
2025-04-10 22:08:28,977 - INFO - \u0110ã xóa b\u1ea3n sao l\u01b0u c\u0169: backup\backup_20250410_160315.db
2025-04-10 22:12:03,304 - INFO - \u1ee8ng d\u1ee5ng kh\u1edfi \u0111\u1ed9ng
2025-04-10 22:12:03,307 - WARNING - File industry_codes.json không t\u1ed3n t\u1ea1i: AppData\industry_codes.json
2025-04-10 22:12:03,307 - WARNING - File employees.json không t\u1ed3n t\u1ea1i: AppData\employees.json
2025-04-10 22:12:03,754 - INFO - \u0110ã t\u1ea3i c\u1ea5u hình: Thay \u0111\u1ed5i \u0110KKD
2025-04-10 22:16:16,102 - INFO - \u1ee8ng d\u1ee5ng kh\u1edfi \u0111\u1ed9ng
2025-04-10 22:16:16,105 - WARNING - File industry_codes.json không t\u1ed3n t\u1ea1i: AppData\industry_codes.json
2025-04-10 22:16:16,106 - WARNING - File employees.json không t\u1ed3n t\u1ea1i: AppData\employees.json
2025-04-10 22:16:48,687 - INFO - \u1ee8ng d\u1ee5ng kh\u1edfi \u0111\u1ed9ng
2025-04-10 22:16:48,690 - WARNING - File industry_codes.json không t\u1ed3n t\u1ea1i: AppData\industry_codes.json
2025-04-10 22:16:48,690 - WARNING - File employees.json không t\u1ed3n t\u1ea1i: AppData\employees.json
2025-04-10 22:18:51,617 - INFO - \u1ee8ng d\u1ee5ng kh\u1edfi \u0111\u1ed9ng
2025-04-10 22:18:51,620 - WARNING - File industry_codes.json không t\u1ed3n t\u1ea1i: AppData\industry_codes.json
2025-04-10 22:18:51,620 - WARNING - File employees.json không t\u1ed3n t\u1ea1i: AppData\employees.json
2025-04-10 22:18:52,081 - INFO - \u0110ã t\u1ea3i c\u1ea5u hình: Thay \u0111\u1ed5i \u0110KKD
2025-04-10 22:20:26,026 - INFO - \u1ee8ng d\u1ee5ng kh\u1edfi \u0111\u1ed9ng
2025-04-10 22:20:26,029 - WARNING - File industry_codes.json không t\u1ed3n t\u1ea1i: AppData\industry_codes.json
2025-04-10 22:20:26,029 - WARNING - File employees.json không t\u1ed3n t\u1ea1i: AppData\employees.json
2025-04-10 22:20:26,481 - INFO - \u0110ã t\u1ea3i c\u1ea5u hình: Thay \u0111\u1ed5i \u0110KKD
2025-04-10 22:22:35,261 - INFO - \u1ee8ng d\u1ee5ng kh\u1edfi \u0111\u1ed9ng
2025-04-10 22:22:35,264 - WARNING - File industry_codes.json không t\u1ed3n t\u1ea1i: AppData\industry_codes.json
2025-04-10 22:22:35,265 - WARNING - File employees.json không t\u1ed3n t\u1ea1i: AppData\employees.json
2025-04-10 22:22:35,702 - INFO - \u0110ã t\u1ea3i c\u1ea5u hình: Thay \u0111\u1ed5i \u0110KKD
2025-04-10 22:24:19,669 - INFO - \u1ee8ng d\u1ee5ng kh\u1edfi \u0111\u1ed9ng
2025-04-10 22:24:19,672 - WARNING - File industry_codes.json không t\u1ed3n t\u1ea1i: AppData\industry_codes.json
2025-04-10 22:24:19,673 - WARNING - File employees.json không t\u1ed3n t\u1ea1i: AppData\employees.json
2025-04-10 22:24:20,123 - INFO - \u0110ã t\u1ea3i c\u1ea5u hình: Thay \u0111\u1ed5i \u0110KKD
2025-04-10 22:25:32,840 - INFO - \u1ee8ng d\u1ee5ng kh\u1edfi \u0111\u1ed9ng
2025-04-10 22:25:32,843 - WARNING - File industry_codes.json không t\u1ed3n t\u1ea1i: AppData\industry_codes.json
2025-04-10 22:25:32,843 - WARNING - File employees.json không t\u1ed3n t\u1ea1i: AppData\employees.json
2025-04-10 22:25:33,303 - INFO - \u0110ã t\u1ea3i c\u1ea5u hình: Thay \u0111\u1ed5i \u0110KKD
2025-04-10 22:27:55,789 - INFO - \u1ee8ng d\u1ee5ng kh\u1edfi \u0111\u1ed9ng
2025-04-10 22:27:55,792 - WARNING - File industry_codes.json không t\u1ed3n t\u1ea1i: AppData\industry_codes.json
2025-04-10 22:27:55,793 - WARNING - File employees.json không t\u1ed3n t\u1ea1i: AppData\employees.json
2025-04-10 22:27:56,260 - INFO - \u0110ã t\u1ea3i c\u1ea5u hình: Thay \u0111\u1ed5i \u0110KKD
2025-04-10 22:29:45,623 - INFO - \u0110ã l\u01b0u c\u1ea5u hình
2025-04-10 22:29:45,776 - INFO - \u0110ã t\u1ea3i c\u1ea5u hình: Thay \u0111\u1ed5i \u0110KKD
2025-04-10 22:29:45,777 - INFO - Thêm tr\u01b0\u1eddng 'tên_doanh_nghi\u1ec7p_m\u1edbi' vào tab 'Thông tin công ty m\u1edbi'
2025-04-10 22:48:07,345 - INFO - \u1ee8ng d\u1ee5ng kh\u1edfi \u0111\u1ed9ng
2025-04-10 22:48:07,348 - WARNING - File industry_codes.json không t\u1ed3n t\u1ea1i: AppData\industry_codes.json
2025-04-10 22:48:07,349 - WARNING - File employees.json không t\u1ed3n t\u1ea1i: AppData\employees.json
2025-04-10 22:48:07,803 - INFO - \u0110ã t\u1ea3i c\u1ea5u hình: Thay \u0111\u1ed5i \u0110KKD
2025-04-10 22:55:33,768 - INFO - \u1ee8ng d\u1ee5ng kh\u1edfi \u0111\u1ed9ng
2025-04-10 22:55:33,773 - WARNING - File industry_codes.json không t\u1ed3n t\u1ea1i: AppData\industry_codes.json
2025-04-10 22:55:33,773 - WARNING - File employees.json không t\u1ed3n t\u1ea1i: AppData\employees.json
2025-04-10 22:55:34,161 - INFO - \u0110ã t\u1ea3i c\u1ea5u hình: Thay \u0111\u1ed5i \u0110KKD
2025-04-10 22:55:59,117 - INFO - \u0110ã l\u01b0u c\u1ea5u hình
2025-04-10 22:55:59,255 - INFO - \u0110ã t\u1ea3i c\u1ea5u hình: Thay \u0111\u1ed5i \u0110KKD
2025-04-10 22:55:59,255 - INFO - Xóa tr\u01b0\u1eddng 'tên_doanh_nghi\u1ec7p' kh\u1ecfi tab 'Thông tin công ty'
2025-04-10 22:56:19,683 - INFO - \u0110ã t\u1ea1o b\u1ea3n sao l\u01b0u tr\u01b0\u1edbc khi khôi ph\u1ee5c: backup\pre_restore_20250410_225619.db
2025-04-10 22:56:19,717 - INFO - \u0110ã khôi ph\u1ee5c database t\u1eeb: backup\backup_20250410_220828.db
2025-04-10 22:56:23,690 - INFO - \u1ee8ng d\u1ee5ng kh\u1edfi \u0111\u1ed9ng
2025-04-10 22:56:23,693 - WARNING - File industry_codes.json không t\u1ed3n t\u1ea1i: AppData\industry_codes.json
2025-04-10 22:56:23,693 - WARNING - File employees.json không t\u1ed3n t\u1ea1i: AppData\employees.json
2025-04-10 22:56:24,052 - INFO - \u0110ã t\u1ea3i c\u1ea5u hình: Thay \u0111\u1ed5i \u0110KKD
2025-04-10 22:57:36,009 - INFO - \u1ee8ng d\u1ee5ng kh\u1edfi \u0111\u1ed9ng
2025-04-10 22:57:36,012 - WARNING - File industry_codes.json không t\u1ed3n t\u1ea1i: AppData\industry_codes.json
2025-04-10 22:57:36,012 - WARNING - File employees.json không t\u1ed3n t\u1ea1i: AppData\employees.json
2025-04-10 22:57:36,418 - INFO - \u0110ã t\u1ea3i c\u1ea5u hình: Thay \u0111\u1ed5i \u0110KKD
2025-04-10 22:58:12,905 - INFO - \u1ee8ng d\u1ee5ng kh\u1edfi \u0111\u1ed9ng
2025-04-10 22:58:12,908 - WARNING - File industry_codes.json không t\u1ed3n t\u1ea1i: AppData\industry_codes.json
2025-04-10 22:58:12,909 - WARNING - File employees.json không t\u1ed3n t\u1ea1i: AppData\employees.json
2025-04-10 22:58:13,329 - INFO - \u0110ã t\u1ea3i c\u1ea5u hình: Thay \u0111\u1ed5i \u0110KKD
2025-04-10 22:58:45,908 - INFO - \u1ee8ng d\u1ee5ng kh\u1edfi \u0111\u1ed9ng
2025-04-10 22:58:45,911 - WARNING - File industry_codes.json không t\u1ed3n t\u1ea1i: AppData\industry_codes.json
2025-04-10 22:58:45,912 - WARNING - File employees.json không t\u1ed3n t\u1ea1i: AppData\employees.json
2025-04-10 22:58:46,338 - INFO - \u0110ã t\u1ea3i c\u1ea5u hình: Thay \u0111\u1ed5i \u0110KKD
2025-04-10 22:59:13,043 - INFO - \u1ee8ng d\u1ee5ng kh\u1edfi \u0111\u1ed9ng
2025-04-10 22:59:13,046 - WARNING - File industry_codes.json không t\u1ed3n t\u1ea1i: AppData\industry_codes.json
2025-04-10 22:59:13,047 - WARNING - File employees.json không t\u1ed3n t\u1ea1i: AppData\employees.json
2025-04-10 22:59:13,478 - INFO - \u0110ã t\u1ea3i c\u1ea5u hình: Thay \u0111\u1ed5i \u0110KKD
2025-04-10 23:00:05,550 - INFO - \u1ee8ng d\u1ee5ng kh\u1edfi \u0111\u1ed9ng
2025-04-10 23:00:05,553 - WARNING - File industry_codes.json không t\u1ed3n t\u1ea1i: AppData\industry_codes.json
2025-04-10 23:00:05,553 - WARNING - File employees.json không t\u1ed3n t\u1ea1i: AppData\employees.json
2025-04-10 23:00:05,967 - INFO - \u0110ã t\u1ea3i c\u1ea5u hình: Thay \u0111\u1ed5i \u0110KKD
2025-04-10 23:03:05,527 - INFO - \u1ee8ng d\u1ee5ng kh\u1edfi \u0111\u1ed9ng
2025-04-10 23:03:05,530 - WARNING - File industry_codes.json không t\u1ed3n t\u1ea1i: AppData\industry_codes.json
2025-04-10 23:03:05,531 - WARNING - File employees.json không t\u1ed3n t\u1ea1i: AppData\employees.json
2025-04-10 23:03:05,949 - INFO - \u0110ã t\u1ea3i c\u1ea5u hình: Thay \u0111\u1ed5i \u0110KKD
2025-04-10 23:03:36,170 - INFO - \u1ee8ng d\u1ee5ng kh\u1edfi \u0111\u1ed9ng
2025-04-10 23:03:36,173 - WARNING - File industry_codes.json không t\u1ed3n t\u1ea1i: AppData\industry_codes.json
2025-04-10 23:03:36,173 - WARNING - File employees.json không t\u1ed3n t\u1ea1i: AppData\employees.json
2025-04-10 23:03:36,575 - INFO - \u0110ã t\u1ea3i c\u1ea5u hình: Thay \u0111\u1ed5i \u0110KKD
2025-04-10 23:06:34,056 - INFO - \u1ee8ng d\u1ee5ng kh\u1edfi \u0111\u1ed9ng
2025-04-10 23:06:34,059 - WARNING - File industry_codes.json không t\u1ed3n t\u1ea1i: AppData\industry_codes.json
2025-04-10 23:06:34,060 - WARNING - File employees.json không t\u1ed3n t\u1ea1i: AppData\employees.json
2025-04-10 23:06:34,476 - INFO - \u0110ã t\u1ea3i c\u1ea5u hình: Thay \u0111\u1ed5i \u0110KKD
2025-04-10 23:08:25,463 - INFO - \u1ee8ng d\u1ee5ng kh\u1edfi \u0111\u1ed9ng
2025-04-10 23:08:25,466 - WARNING - File industry_codes.json không t\u1ed3n t\u1ea1i: AppData\industry_codes.json
2025-04-10 23:08:25,466 - WARNING - File employees.json không t\u1ed3n t\u1ea1i: AppData\employees.json
2025-04-10 23:08:25,853 - INFO - \u0110ã t\u1ea3i c\u1ea5u hình: Thay \u0111\u1ed5i \u0110KKD
2025-04-10 23:09:45,166 - INFO - \u1ee8ng d\u1ee5ng kh\u1edfi \u0111\u1ed9ng
2025-04-10 23:09:45,169 - WARNING - File industry_codes.json không t\u1ed3n t\u1ea1i: AppData\industry_codes.json
2025-04-10 23:09:45,169 - WARNING - File employees.json không t\u1ed3n t\u1ea1i: AppData\employees.json
2025-04-10 23:09:45,562 - INFO - \u0110ã t\u1ea3i c\u1ea5u hình: Thay \u0111\u1ed5i \u0110KKD
2025-04-10 23:10:53,961 - INFO - \u1ee8ng d\u1ee5ng kh\u1edfi \u0111\u1ed9ng
2025-04-10 23:10:53,967 - WARNING - File industry_codes.json không t\u1ed3n t\u1ea1i: AppData\industry_codes.json
2025-04-10 23:10:53,968 - WARNING - File employees.json không t\u1ed3n t\u1ea1i: AppData\employees.json
2025-04-10 23:10:54,406 - INFO - \u0110ã t\u1ea3i c\u1ea5u hình: Thay \u0111\u1ed5i \u0110KKD
2025-04-10 23:11:02,301 - INFO - \u0110ã t\u1ea3i c\u1ea5u hình: T\u1ea1m ng\u01b0ng - Gi\u1ea3i th\u1ec3
2025-04-10 23:11:47,660 - INFO - \u1ee8ng d\u1ee5ng kh\u1edfi \u0111\u1ed9ng
2025-04-10 23:11:47,663 - WARNING - File industry_codes.json không t\u1ed3n t\u1ea1i: AppData\industry_codes.json
2025-04-10 23:11:47,664 - WARNING - File employees.json không t\u1ed3n t\u1ea1i: AppData\employees.json
2025-04-10 23:11:48,003 - INFO - \u0110ã t\u1ea3i c\u1ea5u hình: Thành l\u1eadp doanh nghi\u1ec7p
2025-04-10 23:11:52,238 - INFO - \u0110ã t\u1ea3i c\u1ea5u hình: Thay \u0111\u1ed5i \u0110KKD
2025-04-10 23:11:57,068 - INFO - \u0110ã t\u1ea3i c\u1ea5u hình: Thay \u0111\u1ed5i \u0110KKD
2025-04-10 23:11:58,502 - INFO - \u0110ã t\u1ea3i c\u1ea5u hình: Thành l\u1eadp doanh nghi\u1ec7p
